<?xml version="1.0" encoding="UTF-8"?>
<testsuite xmlns:xsi="http://www.w3.org/2001/XMLSchema-instance" xsi:noNamespaceSchemaLocation="https://maven.apache.org/surefire/maven-surefire-plugin/xsd/surefire-test-report-3.0.xsd" version="3.0" name="com.financial.tracker.financial_transactions.FinancialTransactionsApplicationTests" time="2.546" tests="1" errors="0" skipped="0" failures="0">
  <properties>
[...]
</properties>
  <testcase name="contextLoads" classname="com.financial.tracker.financial_transactions.FinancialTransactionsApplicationTests" time="0.309">
    <system-out><![CDATA[22:31:48.603 [main] INFO org.springframework.test.context.support.AnnotationConfigContextLoaderUtils -- Could not detect default configuration classes for test class [com.financial.tracker.financial_transactions.FinancialTransactionsApplicationTests]: FinancialTransactionsApplicationTests does not declare any static, non-private, non-final, nested classes annotated with @Configuration.
22:31:48.666 [main] INFO org.springframework.boot.test.context.SpringBootTestContextBootstrapper -- Found @SpringBootConfiguration com.financial.tracker.financial_transactions.FinancialTransactionsApplication for test class com.financial.tracker.financial_transactions.FinancialTransactionsApplicationTests

  .   ____          _            __ _ _
 /\\ / ___'_ __ _ _(_)_ __  __ _ \ \ \ \
( ( )\___ | '_ | '_| | '_ \/ _` | \ \ \ \
 \\/  ___)| |_)| | | | | || (_| |  ) ) ) )
  '  |____| .__|_| |_|_| |_\__, | / / / /
 =========|_|==============|___/=/_/_/_/

 :: Spring Boot ::                (v3.3.3)

2024-10-01T22:31:48.950-04:00  INFO 56831 --- [financial-transactions] [           main] .f.FinancialTransactionsApplicationTests : Starting FinancialTransactionsApplicationTests using Java 22.0.2 with PID 56831 (started by matt in /Users/matt/Downloads/finance-manager-master)
2024-10-01T22:31:48.950-04:00  INFO 56831 --- [financial-transactions] [           main] .f.FinancialTransactionsApplicationTests : No active profile set, falling back to 1 default profile: "default"
2024-10-01T22:31:49.276-04:00  INFO 56831 --- [financial-transactions] [           main] .s.d.r.c.RepositoryConfigurationDelegate : Bootstrapping Spring Data JPA repositories in DEFAULT mode.
2024-10-01T22:31:49.300-04:00  INFO 56831 --- [financial-transactions] [           main] .s.d.r.c.RepositoryConfigurationDelegate : Finished Spring Data repository scanning in 21 ms. Found 3 JPA repository interfaces.
2024-10-01T22:31:49.522-04:00  INFO 56831 --- [financial-transactions] [           main] o.hibernate.jpa.internal.util.LogHelper  : HHH000204: Processing PersistenceUnitInfo [name: default]
2024-10-01T22:31:49.552-04:00  INFO 56831 --- [financial-transactions] [           main] org.hibernate.Version                    : HHH000412: Hibernate ORM core version 6.5.2.Final
2024-10-01T22:31:49.571-04:00  INFO 56831 --- [financial-transactions] [           main] o.h.c.internal.RegionFactoryInitiator    : HHH000026: Second-level cache disabled
2024-10-01T22:31:49.726-04:00  INFO 56831 --- [financial-transactions] [           main] o.s.o.j.p.SpringPersistenceUnitInfo      : No LoadTimeWeaver setup: ignoring JPA class transformer
2024-10-01T22:31:49.738-04:00  INFO 56831 --- [financial-transactions] [           main] com.zaxxer.hikari.HikariDataSource       : HikariPool-1 - Starting...
2024-10-01T22:31:49.838-04:00  INFO 56831 --- [financial-transactions] [           main] com.zaxxer.hikari.pool.HikariPool        : HikariPool-1 - Added connection conn0: url=jdbc:h2:mem:testdb user=SA
2024-10-01T22:31:49.839-04:00  INFO 56831 --- [financial-transactions] [           main] com.zaxxer.hikari.HikariDataSource       : HikariPool-1 - Start completed.
2024-10-01T22:31:50.273-04:00  INFO 56831 --- [financial-transactions] [           main] o.h.e.t.j.p.i.JtaPlatformInitiator       : HHH000489: No JTA platform available (set 'hibernate.transaction.jta.platform' to enable JTA platform integration)
Hibernate: create table recurring_expense (id integer generated by default as identity, amount float(53), frequency enum ('BIWEEKLY','DAILY','MONTHLY','SEMIYEARLY','WEEKLY','YEARLY'), merchant varchar(255), next_payment_date date, start_date date, primary key (id))
Hibernate: create table recurring_income (id integer generated by default as identity, amount float(53), frequency enum ('BIWEEKLY','DAILY','MONTHLY','SEMIYEARLY','WEEKLY','YEARLY'), income_source varchar(255), next_payment_date date, start_date date, primary key (id))
Hibernate: create table transactions (id integer generated by default as identity, address varchar(255), amount varchar(255), cardtype varchar(255), hash varchar(255), merchant varchar(255), name varchar(255), transactiondate varchar(255), primary key (id))
2024-10-01T22:31:50.301-04:00  INFO 56831 --- [financial-transactions] [           main] j.LocalContainerEntityManagerFactoryBean : Initialized JPA EntityManagerFactory for persistence unit 'default'
2024-10-01T22:31:50.526-04:00  WARN 56831 --- [financial-transactions] [           main] JpaBaseConfiguration$JpaWebConfiguration : spring.jpa.open-in-view is enabled by default. Therefore, database queries may be performed during view rendering. Explicitly configure spring.jpa.open-in-view to disable this warning
2024-10-01T22:31:50.691-04:00  INFO 56831 --- [financial-transactions] [           main] o.s.b.a.h2.H2ConsoleAutoConfiguration    : H2 console available at '/h2-console'. Database available at 'jdbc:h2:mem:testdb'
2024-10-01T22:31:50.719-04:00  INFO 56831 --- [financial-transactions] [           main] .f.FinancialTransactionsApplicationTests : Started FinancialTransactionsApplicationTests in 1.944 seconds (process running for 2.506)
]]></system-out>
    <system-err><![CDATA[WARNING: A Java agent has been loaded dynamically (/Users/matt/.m2/repository/net/bytebuddy/byte-buddy-agent/1.14.19/byte-buddy-agent-1.14.19.jar)
WARNING: If a serviceability tool is in use, please run with -XX:+EnableDynamicAgentLoading to hide this warning
WARNING: If a serviceability tool is not in use, please run with -Djdk.instrument.traceUsage for more information
WARNING: Dynamic loading of agents will be disallowed by default in a future release
]]></system-err>
  </testcase>
</testsuite>